<?xml version="1.0" encoding="UTF-8"?>
<!-- Generated by org.testng.reporters.JUnitReportReporter -->
<testsuite hostname="ABC3-PC" name="HR_TestCases.EditAnnouncement" tests="1" failures="0" timestamp="28 Jan 2020 11:01:43 GMT" time="58.579" errors="0">
  <testcase name="testLoginPage" time="58.579" classname="HR_TestCases.EditAnnouncement"/>
</testsuite> <!-- HR_TestCases.EditAnnouncement -->
