<?xml version="1.0" encoding="UTF-8"?>
<!-- Generated by org.testng.reporters.JUnitReportReporter -->
<testsuite hostname="ABC3-PC" name="HR_TestCases.VerifyEmployeeCategory" tests="1" failures="0" timestamp="29 Jan 2020 11:11:02 GMT" time="29.140" errors="0">
  <testcase name="testLoginPage" time="29.140" classname="HR_TestCases.VerifyEmployeeCategory"/>
</testsuite> <!-- HR_TestCases.VerifyEmployeeCategory -->
