<?xml version="1.0" encoding="UTF-8"?>
<!-- Generated by org.testng.reporters.JUnitReportReporter -->
<testsuite hostname="ABC3-PC" name="Attendance_TestCases.MissedPunchApproved_1" tests="1" failures="0" timestamp="6 Mar 2020 07:04:40 GMT" time="125.150" errors="0">
  <testcase name="testLoginPage" time="125.150" classname="Attendance_TestCases.MissedPunchApproved_1"/>
</testsuite> <!-- Attendance_TestCases.MissedPunchApproved_1 -->
