<?xml version="1.0" encoding="UTF-8"?>
<!-- Generated by org.testng.reporters.JUnitReportReporter -->
<testsuite hostname="ABC3-PC" name="TestCases.VerifyOrganisationPage" tests="1" failures="0" timestamp="23 Jan 2020 09:32:22 GMT" time="38.737" errors="0">
  <testcase name="testLoginPage" time="38.737" classname="TestCases.VerifyOrganisationPage"/>
</testsuite> <!-- TestCases.VerifyOrganisationPage -->
