<?xml version="1.0" encoding="UTF-8"?>
<!-- Generated by org.testng.reporters.JUnitReportReporter -->
<testsuite hostname="ABC3-PC" name="HR_TestCases.DeleteEmployeeGrade" tests="1" failures="0" timestamp="13 Feb 2020 10:03:32 GMT" time="24.923" errors="0">
  <testcase name="testLoginPage" time="24.923" classname="HR_TestCases.DeleteEmployeeGrade"/>
</testsuite> <!-- HR_TestCases.DeleteEmployeeGrade -->
