<?xml version="1.0" encoding="UTF-8"?>
<!-- Generated by org.testng.reporters.JUnitReportReporter -->
<testsuite hostname="ABC3-PC" name="Attendance_TestCases.VerifyApproveOutdoorRequest" tests="1" failures="0" timestamp="3 Mar 2020 10:14:49 GMT" time="21.439" errors="0">
  <testcase name="testLoginPage" time="21.439" classname="Attendance_TestCases.VerifyApproveOutdoorRequest"/>
</testsuite> <!-- Attendance_TestCases.VerifyApproveOutdoorRequest -->
