<?xml version="1.0" encoding="UTF-8"?>
<!-- Generated by org.testng.reporters.JUnitReportReporter -->
<testsuite hostname="ABC3-PC" name="Attendance_TestCases.AttendanceMissedPunch_Edit" tests="1" failures="0" timestamp="6 Mar 2020 06:54:26 GMT" time="68.767" errors="0">
  <testcase name="testLoginPage" time="68.767" classname="Attendance_TestCases.AttendanceMissedPunch_Edit"/>
</testsuite> <!-- Attendance_TestCases.AttendanceMissedPunch_Edit -->
