<?xml version="1.0" encoding="UTF-8"?>
<!-- Generated by org.testng.reporters.JUnitReportReporter -->
<testsuite hostname="ABC3-PC" name="Attendance_TestCases.VerifyCompoffDetails" tests="1" failures="0" timestamp="3 Mar 2020 10:28:23 GMT" time="61.058" errors="0">
  <testcase name="testLoginPage" time="61.058" classname="Attendance_TestCases.VerifyCompoffDetails"/>
</testsuite> <!-- Attendance_TestCases.VerifyCompoffDetails -->
