<?xml version="1.0" encoding="UTF-8"?>
<!-- Generated by org.testng.reporters.JUnitReportReporter -->
<testsuite hostname="ABC3-PC" name="HR_TestCases.DeleteEmpType" tests="1" failures="0" timestamp="29 Jan 2020 10:08:18 GMT" time="27.027" errors="0">
  <testcase name="testLoginPage" time="27.027" classname="HR_TestCases.DeleteEmpType"/>
</testsuite> <!-- HR_TestCases.DeleteEmpType -->
