<?xml version="1.0" encoding="UTF-8"?>
<!-- Generated by org.testng.reporters.JUnitReportReporter -->
<testsuite hostname="ABC3-PC" name="TestCases.VerifyLoginPage" tests="1" failures="0" timestamp="24 Jan 2020 10:23:12 GMT" time="16.502" errors="0">
  <testcase name="testLoginPage" time="16.502" classname="TestCases.VerifyLoginPage"/>
</testsuite> <!-- TestCases.VerifyLoginPage -->
