<?xml version="1.0" encoding="UTF-8"?>
<!-- Generated by org.testng.reporters.JUnitReportReporter -->
<testsuite hostname="ABC3-PC" name="HR_TestCases.DeleteEmployeeCategory" tests="1" failures="0" timestamp="29 Jan 2020 11:35:28 GMT" time="36.087" errors="0">
  <testcase name="testLoginPage" time="36.087" classname="HR_TestCases.DeleteEmployeeCategory"/>
</testsuite> <!-- HR_TestCases.DeleteEmployeeCategory -->
