<?xml version="1.0" encoding="UTF-8"?>
<!-- Generated by org.testng.reporters.JUnitReportReporter -->
<testsuite hostname="ABC3-PC" name="HR_TestCases.VerifyFinancialYear" tests="1" failures="0" timestamp="13 Feb 2020 10:18:59 GMT" time="39.520" errors="0">
  <testcase name="testLoginPage" time="39.520" classname="HR_TestCases.VerifyFinancialYear"/>
</testsuite> <!-- HR_TestCases.VerifyFinancialYear -->
