<?xml version="1.0" encoding="UTF-8"?>
<!-- Generated by org.testng.reporters.JUnitReportReporter -->
<testsuite hostname="ABC3-PC" name="Attendance_TestCases.VerifyMissedPunchApproved" tests="1" failures="0" timestamp="6 Mar 2020 07:16:24 GMT" time="29.091" errors="0">
  <testcase name="testLoginPage" time="29.091" classname="Attendance_TestCases.VerifyMissedPunchApproved"/>
</testsuite> <!-- Attendance_TestCases.VerifyMissedPunchApproved -->
