<?xml version="1.0" encoding="UTF-8"?>
<!-- Generated by org.testng.reporters.JUnitReportReporter -->
<testsuite hostname="ABC3-PC" name="Attendance_TestCases.VerifyDailyAttendance" tests="1" failures="0" timestamp="5 Mar 2020 09:39:28 GMT" time="31.860" errors="0">
  <testcase name="testLoginPage" time="31.860" classname="Attendance_TestCases.VerifyDailyAttendance"/>
</testsuite> <!-- Attendance_TestCases.VerifyDailyAttendance -->
