<?xml version="1.0" encoding="UTF-8"?>
<!-- Generated by org.testng.reporters.JUnitReportReporter -->
<testsuite hostname="ABC3-PC" name="TestCases.VerifyDeleteOfficeRestDay" tests="1" failures="0" timestamp="24 Jan 2020 12:16:14 GMT" time="19.683" errors="0">
  <testcase name="testLoginPage" time="19.683" classname="TestCases.VerifyDeleteOfficeRestDay"/>
</testsuite> <!-- TestCases.VerifyDeleteOfficeRestDay -->
