<?xml version="1.0" encoding="UTF-8"?>
<!-- Generated by org.testng.reporters.JUnitReportReporter -->
<testsuite hostname="ABC3-PC" name="TestCases.Edit_OfficePage" tests="1" failures="0" timestamp="27 Jan 2020 09:50:27 GMT" time="29.064" errors="0">
  <testcase name="testLoginPage" time="29.064" classname="TestCases.Edit_OfficePage"/>
</testsuite> <!-- TestCases.Edit_OfficePage -->
