<?xml version="1.0" encoding="UTF-8"?>
<!-- Generated by org.testng.reporters.JUnitReportReporter -->
<testsuite skipped="0" hostname="Makarand" name="TestCases.VerifyJPMorganLogo" tests="1" failures="0" timestamp="28 Aug 2020 03:55:01 GMT" time="19.226" errors="0">
  <testcase name="verifylogo" time="19.226" classname="TestCases.VerifyJPMorganLogo"/>
</testsuite> <!-- TestCases.VerifyJPMorganLogo -->
