<?xml version="1.0" encoding="UTF-8"?>
<!-- Generated by org.testng.reporters.JUnitReportReporter -->
<testsuite hostname="ABC3-PC" name="Attendance_TestCases.VerifyMonthlyAttendanceReport" tests="1" failures="0" timestamp="5 Mar 2020 09:53:50 GMT" time="49.967" errors="0">
  <testcase name="testLoginPage" time="49.967" classname="Attendance_TestCases.VerifyMonthlyAttendanceReport"/>
</testsuite> <!-- Attendance_TestCases.VerifyMonthlyAttendanceReport -->
