<?xml version="1.0" encoding="UTF-8"?>
<!-- Generated by org.testng.reporters.JUnitReportReporter -->
<testsuite hostname="ABC3-PC" name="Attendance_TestCases.VerifyAttendanceMissedPunch" tests="1" failures="0" timestamp="5 Mar 2020 12:52:15 GMT" time="39.700" errors="0">
  <testcase name="testLoginPage" time="39.700" classname="Attendance_TestCases.VerifyAttendanceMissedPunch"/>
</testsuite> <!-- Attendance_TestCases.VerifyAttendanceMissedPunch -->
