<?xml version="1.0" encoding="UTF-8"?>
<!-- Generated by org.testng.reporters.JUnitReportReporter -->
<testsuite hostname="ABC3-PC" name="Attendance_TestCases.VerifyCompoffApprove" tests="1" failures="0" timestamp="3 Mar 2020 10:34:46 GMT" time="30.739" errors="0">
  <testcase name="testLoginPage" time="30.739" classname="Attendance_TestCases.VerifyCompoffApprove"/>
</testsuite> <!-- Attendance_TestCases.VerifyCompoffApprove -->
