<?xml version="1.0" encoding="UTF-8"?>
<!-- Generated by org.testng.reporters.JUnitReportReporter -->
<testsuite hostname="ABC3-PC" name="HR_TestCases.EdirEmployeeDepartment" tests="1" failures="0" timestamp="11 Feb 2020 10:15:05 GMT" time="39.108" errors="0">
  <testcase name="testLoginPage" time="39.108" classname="HR_TestCases.EdirEmployeeDepartment"/>
</testsuite> <!-- HR_TestCases.EdirEmployeeDepartment -->
