<?xml version="1.0" encoding="UTF-8"?>
<!-- Generated by org.testng.reporters.JUnitReportReporter -->
<testsuite hostname="ABC3-PC" name="HR_TestCases.VerifyEmployeeDepartment" tests="1" failures="0" timestamp="11 Feb 2020 09:50:25 GMT" time="31.575" errors="0">
  <testcase name="testLoginPage" time="31.575" classname="HR_TestCases.VerifyEmployeeDepartment"/>
</testsuite> <!-- HR_TestCases.VerifyEmployeeDepartment -->
