<?xml version="1.0" encoding="UTF-8"?>
<!-- Generated by org.testng.reporters.JUnitReportReporter -->
<testsuite hostname="ABC3-PC" name="VerifyAttendancePage" tests="1" failures="0" timestamp="3 Mar 2020 09:39:41 GMT" time="42.370" errors="0">
  <testcase name="testLoginPage" time="42.370" classname="VerifyAttendancePage"/>
</testsuite> <!-- VerifyAttendancePage -->
