<?xml version="1.0" encoding="UTF-8"?>
<!-- Generated by org.testng.reporters.JUnitReportReporter -->
<testsuite hostname="ABC3-PC" name="HR_TestCases.VerifyEmployeeType" tests="1" failures="0" timestamp="28 Jan 2020 12:13:06 GMT" time="34.121" errors="0">
  <testcase name="testLoginPage" time="34.121" classname="HR_TestCases.VerifyEmployeeType"/>
</testsuite> <!-- HR_TestCases.VerifyEmployeeType -->
