<?xml version="1.0" encoding="UTF-8"?>
<!-- Generated by org.testng.reporters.JUnitReportReporter -->
<testsuite hostname="ABC3-PC" name="HR_TestCases.DeleteAnnouncement" tests="1" failures="0" timestamp="28 Jan 2020 11:11:19 GMT" time="22.321" errors="0">
  <testcase name="testLoginPage" time="22.321" classname="HR_TestCases.DeleteAnnouncement"/>
</testsuite> <!-- HR_TestCases.DeleteAnnouncement -->
