<?xml version="1.0" encoding="UTF-8"?>
<!-- Generated by org.testng.reporters.JUnitReportReporter -->
<testsuite hostname="ABC3-PC" name="Attendance_TestCases.MissedPunchAttendance_SendForApproved" tests="1" failures="0" timestamp="6 Mar 2020 06:37:31 GMT" time="46.230" errors="0">
  <testcase name="testLoginPage" time="46.230" classname="Attendance_TestCases.MissedPunchAttendance_SendForApproved"/>
</testsuite> <!-- Attendance_TestCases.MissedPunchAttendance_SendForApproved -->
