<?xml version="1.0" encoding="UTF-8"?>
<!-- Generated by org.testng.reporters.JUnitReportReporter -->
<testsuite hostname="ABC3-PC" name="TestCases.EditOfficeRestDay" tests="1" failures="0" timestamp="27 Jan 2020 10:20:36 GMT" time="62.447" errors="0">
  <testcase name="testLoginPage" time="62.447" classname="TestCases.EditOfficeRestDay"/>
</testsuite> <!-- TestCases.EditOfficeRestDay -->
