<?xml version="1.0" encoding="UTF-8"?>
<!-- Generated by org.testng.reporters.JUnitReportReporter -->
<testsuite hostname="ABC3-PC" name="HR_TestCases.VerifyAnnouncement" tests="1" failures="0" timestamp="28 Jan 2020 10:03:58 GMT" time="53.238" errors="0">
  <testcase name="testLoginPage" time="53.238" classname="HR_TestCases.VerifyAnnouncement"/>
</testsuite> <!-- HR_TestCases.VerifyAnnouncement -->
