<?xml version="1.0" encoding="UTF-8"?>
<!-- Generated by org.testng.reporters.JUnitReportReporter -->
<testsuite hostname="ABC3-PC" name="Attendance_TestCases.VerifyAttendanceProcessPage" tests="1" failures="0" timestamp="4 Mar 2020 09:33:30 GMT" time="29.411" errors="0">
  <testcase name="testLoginPage" time="29.411" classname="Attendance_TestCases.VerifyAttendanceProcessPage"/>
</testsuite> <!-- Attendance_TestCases.VerifyAttendanceProcessPage -->
