<?xml version="1.0" encoding="UTF-8"?>
<!-- Generated by org.testng.reporters.JUnitReportReporter -->
<testsuite hostname="ABC3-PC" name="TestCases.VerifyOfficeRestDay" tests="1" failures="0" timestamp="27 Jan 2020 06:59:04 GMT" time="31.166" errors="0">
  <testcase name="testLoginPage" time="31.166" classname="TestCases.VerifyOfficeRestDay"/>
</testsuite> <!-- TestCases.VerifyOfficeRestDay -->
