<?xml version="1.0" encoding="UTF-8"?>
<!-- Generated by org.testng.reporters.JUnitReportReporter -->
<testsuite hostname="ABC3-PC" name="HR_TestCases.VerifyEmployeeGrade" tests="1" failures="0" timestamp="13 Feb 2020 09:42:40 GMT" time="33.675" errors="0">
  <testcase name="testLoginPage" time="33.675" classname="HR_TestCases.VerifyEmployeeGrade"/>
</testsuite> <!-- HR_TestCases.VerifyEmployeeGrade -->
