<?xml version="1.0" encoding="UTF-8"?>
<!-- Generated by org.testng.reporters.JUnitReportReporter -->
<testsuite hostname="ABC3-PC" name="Expense_TestCases.VerifyExpensePage" tests="1" failures="0" timestamp="28 Feb 2020 06:47:30 GMT" time="116.320" errors="0">
  <testcase name="testLoginPage" time="116.320" classname="Expense_TestCases.VerifyExpensePage"/>
</testsuite> <!-- Expense_TestCases.VerifyExpensePage -->
