<?xml version="1.0" encoding="UTF-8"?>
<!-- Generated by org.testng.reporters.JUnitReportReporter -->
<testsuite hostname="ABC3-PC" name="Attendance_TestCases.VerifyAttendancePage" tests="1" failures="0" timestamp="5 Mar 2020 07:53:27 GMT" time="31.807" errors="0">
  <testcase name="testLoginPage" time="31.807" classname="Attendance_TestCases.VerifyAttendancePage"/>
</testsuite> <!-- Attendance_TestCases.VerifyAttendancePage -->
