<?xml version="1.0" encoding="UTF-8"?>
<!-- Generated by org.testng.reporters.JUnitReportReporter -->
<testsuite hostname="ABC3-PC" name="HR_TestCases.EditEmployeeGrade" tests="1" failures="0" timestamp="13 Feb 2020 09:51:21 GMT" time="28.295" errors="0">
  <testcase name="testLoginPage" time="28.295" classname="HR_TestCases.EditEmployeeGrade"/>
</testsuite> <!-- HR_TestCases.EditEmployeeGrade -->
