<?xml version="1.0" encoding="UTF-8"?>
<!-- Generated by org.testng.reporters.JUnitReportReporter -->
<testsuite hostname="ABC3-PC" name="Attendance_TestCases.VerifyOutdoorRequest" tests="1" failures="0" timestamp="6 Mar 2020 10:18:39 GMT" time="49.510" errors="0">
  <testcase name="testLoginPage" time="49.510" classname="Attendance_TestCases.VerifyOutdoorRequest"/>
</testsuite> <!-- Attendance_TestCases.VerifyOutdoorRequest -->
