<?xml version="1.0" encoding="UTF-8"?>
<!-- Generated by org.testng.reporters.JUnitReportReporter -->
<testsuite hostname="ABC3-PC" name="TestCases.VerifyOfficePage" tests="1" failures="0" timestamp="24 Jan 2020 10:39:16 GMT" time="37.141" errors="0">
  <testcase name="testLoginPage" time="37.141" classname="TestCases.VerifyOfficePage"/>
</testsuite> <!-- TestCases.VerifyOfficePage -->
